#
# There is insufficient memory for the Java Runtime Environment to continue.
# Native memory allocation (malloc) failed to allocate 32744 bytes. Error detail: Chunk::new
# Possible reasons:
#   The system is out of physical RAM or swap space
#   This process is running with CompressedOops enabled, and the Java Heap may be blocking the growth of the native heap
# Possible solutions:
#   Reduce memory load on the system
#   Increase physical memory or swap space
#   Check if swap backing store is full
#   Decrease Java heap size (-Xmx/-Xms)
#   Decrease number of Java threads
#   Decrease Java thread stack sizes (-Xss)
#   Set larger code cache with -XX:ReservedCodeCacheSize=
#   JVM is running with Unscaled Compressed Oops mode in which the Java heap is
#     placed in the first 4GB address space. The Java Heap base address is the
#     maximum limit for the native heap growth. Please use -XX:HeapBaseMinAddress
#     to set the Java Heap base and to place the Java Heap above 4GB virtual address.
# This output file may be truncated or incomplete.
#
#  Out of Memory Error (arena.cpp:168), pid=15400, tid=28848
#
# JRE version: OpenJDK Runtime Environment Temurin-21.0.10+7 (21.0.10+7) (build 21.0.10+7-LTS)
# Java VM: OpenJDK 64-Bit Server VM Temurin-21.0.10+7 (21.0.10+7-LTS, mixed mode, sharing, tiered, compressed oops, compressed class ptrs, parallel gc, windows-amd64)
# No core dump will be written. Minidumps are not enabled by default on client versions of Windows
#

---------------  S U M M A R Y ------------

Command Line: --add-modules=ALL-SYSTEM --add-opens=java.base/java.util=ALL-UNNAMED --add-opens=java.base/java.lang=ALL-UNNAMED --add-opens=java.base/sun.nio.fs=ALL-UNNAMED -Declipse.application=org.eclipse.jdt.ls.core.id1 -Dosgi.bundles.defaultStartLevel=4 -Declipse.product=org.eclipse.jdt.ls.core.product -Djava.import.generatesMetadataFilesAtProjectRoot=false -DDetectVMInstallationsJob.disabled=true -Dfile.encoding=utf8 -XX:+UseParallelGC -XX:GCTimeRatio=4 -XX:AdaptiveSizePolicyWeight=90 -Dsun.zip.disableMemoryMapping=true -Xmx2G -Xms100m -Xlog:disable -javaagent:c:\Users\ADMIN\.vscode\extensions\redhat.java-1.54.0-win32-x64\lombok\lombok-1.18.39-4050.jar c:\Users\ADMIN\.vscode\extensions\redhat.java-1.54.0-win32-x64\server\plugins\org.eclipse.equinox.launcher_1.7.100.v20251111-0406.jar -configuration c:\Users\ADMIN\AppData\Roaming\Code\User\globalStorage\redhat.java\1.54.0\config_ss_win -data c:\Users\ADMIN\AppData\Roaming\Code\User\workspaceStorage\9b1e573f5f7b0d6a34a3d4c156b67738\redhat.java\ss_ws --pipe=\\.\pipe\lsp-438ea3ea22185c9e341ee788119889c1-sock

Host: AMD Ryzen 7 7435HS                             , 16 cores, 15G,  Windows 11 , 64 bit Build 26100 (10.0.26100.8521)
Time: Wed Jun 10 08:31:13 2026 SE Asia Standard Time elapsed time: 0.684800 seconds (0d 0h 0m 0s)

---------------  T H R E A D  ---------------

Current thread (0x0000017482d956d0):  JavaThread "C2 CompilerThread1" daemon [_thread_in_native, id=28848, stack(0x0000002d19000000,0x0000002d19100000) (1024K)]


Current CompileTask:
C2:684  176       4       java.util.HashMap::putVal (300 bytes)

Stack: [0x0000002d19000000,0x0000002d19100000]
Native frames: (J=compiled Java code, j=interpreted, Vv=VM code, C=native code)
V  [jvm.dll+0x6d7a39]
V  [jvm.dll+0x8b4b26]
V  [jvm.dll+0x8b70de]
V  [jvm.dll+0x8b77c3]
V  [jvm.dll+0x284346]
V  [jvm.dll+0xc66ed]
V  [jvm.dll+0xc6c31]
V  [jvm.dll+0x14885e]
V  [jvm.dll+0x1477db]
V  [jvm.dll+0x6dcfa8]
V  [jvm.dll+0x24c92b]
V  [jvm.dll+0x24bb40]
V  [jvm.dll+0x1cb34e]
V  [jvm.dll+0x25b85d]
V  [jvm.dll+0x259dea]
V  [jvm.dll+0x3f857e]
V  [jvm.dll+0x85f59d]
V  [jvm.dll+0x6d626d]
C  [ucrtbase.dll+0x2cd30]
C  [KERNEL32.DLL+0x2e957]
C  [ntdll.dll+0x87c1c]


---------------  P R O C E S S  ---------------

Threads class SMR info:
_java_thread_list=0x0000017482dc6140, length=13, elements={
0x00000174280328b0, 0x00000174280eb9c0, 0x00000174406d4fa0, 0x00000174406d7860,
0x00000174406da2d0, 0x00000174406dfc30, 0x00000174406e26f0, 0x00000174406ee1f0,
0x0000017482c4ff90, 0x0000017482d8f190, 0x0000017482d90a00, 0x0000017482d956d0,
0x00000174406e5b70
}

Java Threads: ( => current thread )
  0x00000174280328b0 JavaThread "main"                              [_thread_in_native, id=27552, stack(0x0000002d18200000,0x0000002d18300000) (1024K)]
  0x00000174280eb9c0 JavaThread "Reference Handler"          daemon [_thread_blocked, id=9160, stack(0x0000002d18600000,0x0000002d18700000) (1024K)]
  0x00000174406d4fa0 JavaThread "Finalizer"                  daemon [_thread_blocked, id=28280, stack(0x0000002d18700000,0x0000002d18800000) (1024K)]
  0x00000174406d7860 JavaThread "Signal Dispatcher"          daemon [_thread_blocked, id=14184, stack(0x0000002d18800000,0x0000002d18900000) (1024K)]
  0x00000174406da2d0 JavaThread "Attach Listener"            daemon [_thread_blocked, id=10104, stack(0x0000002d18900000,0x0000002d18a00000) (1024K)]
  0x00000174406dfc30 JavaThread "Service Thread"             daemon [_thread_blocked, id=18536, stack(0x0000002d18a00000,0x0000002d18b00000) (1024K)]
  0x00000174406e26f0 JavaThread "Monitor Deflation Thread"   daemon [_thread_blocked, id=10604, stack(0x0000002d18b00000,0x0000002d18c00000) (1024K)]
  0x00000174406ee1f0 JavaThread "C2 CompilerThread0"         daemon [_thread_blocked, id=22360, stack(0x0000002d18c00000,0x0000002d18d00000) (1024K)]
  0x0000017482c4ff90 JavaThread "C1 CompilerThread0"         daemon [_thread_in_native, id=21736, stack(0x0000002d18d00000,0x0000002d18e00000) (1024K)]
  0x0000017482d8f190 JavaThread "C1 CompilerThread1"         daemon [_thread_in_native, id=20016, stack(0x0000002d18e00000,0x0000002d18f00000) (1024K)]
  0x0000017482d90a00 JavaThread "C1 CompilerThread2"         daemon [_thread_blocked, id=28948, stack(0x0000002d18f00000,0x0000002d19000000) (1024K)]
=>0x0000017482d956d0 JavaThread "C2 CompilerThread1"         daemon [_thread_in_native, id=28848, stack(0x0000002d19000000,0x0000002d19100000) (1024K)]
  0x00000174406e5b70 JavaThread "Common-Cleaner"             daemon [_thread_blocked, id=24096, stack(0x0000002d19100000,0x0000002d19200000) (1024K)]
Total: 13

Other Threads:
  0x00000174280d8b90 VMThread "VM Thread"                           [id=27124, stack(0x0000002d18500000,0x0000002d18600000) (1024K)]
  0x00000174405cca00 WatcherThread "VM Periodic Task Thread"        [id=29232, stack(0x0000002d18400000,0x0000002d18500000) (1024K)]
  0x0000017428051980 WorkerThread "GC Thread#0"                     [id=27008, stack(0x0000002d18300000,0x0000002d18400000) (1024K)]
Total: 3

Threads with active compile tasks:
C1 CompilerThread0  721  205       3       jdk.internal.org.objectweb.asm.ByteVector::putUTF8 (144 bytes)
C1 CompilerThread1  721  209       3       java.lang.String::substring (58 bytes)
C2 CompilerThread1  721  176       4       java.util.HashMap::putVal (300 bytes)
Total: 3

VM state: not at safepoint (normal execution)

VM Mutex/Monitor currently owned by a thread: None

Heap address: 0x0000000080000000, size: 2048 MB, Compressed Oops mode: 32-bit

CDS archive(s) mapped at: [0x0000017441000000-0x0000017441ba0000-0x0000017441ba0000), size 12189696, SharedBaseAddress: 0x0000017441000000, ArchiveRelocationMode: 1.
Compressed class space mapped at: 0x0000017442000000-0x0000017482000000, reserved size: 1073741824
Narrow klass base: 0x0000017441000000, Narrow klass shift: 0, Narrow klass range: 0x100000000

GC Precious Log:
 CardTable entry size: 512
 CPUs: 16 total, 16 available
 Memory: 16202M
 Large Page Support: Disabled
 NUMA Support: Disabled
 Compressed Oops: Enabled (32-bit)
 Alignments: Space 512K, Generation 512K, Heap 2M
 Heap Min Capacity: 100M
 Heap Initial Capacity: 100M
 Heap Max Capacity: 2G
 Pre-touch: Disabled
 Parallel Workers: 13

Heap:
 PSYoungGen      total 29696K, used 4097K [0x00000000d5580000, 0x00000000d7680000, 0x0000000100000000)
  eden space 25600K, 16% used [0x00000000d5580000,0x00000000d59805f0,0x00000000d6e80000)
  from space 4096K, 0% used [0x00000000d7280000,0x00000000d7280000,0x00000000d7680000)
  to   space 4096K, 0% used [0x00000000d6e80000,0x00000000d6e80000,0x00000000d7280000)
 ParOldGen       total 68608K, used 0K [0x0000000080000000, 0x0000000084300000, 0x00000000d5580000)
  object space 68608K, 0% used [0x0000000080000000,0x0000000080000000,0x0000000084300000)
 Metaspace       used 321K, committed 512K, reserved 1114112K
  class space    used 19K, committed 128K, reserved 1048576K

Card table byte_map: [0x000001743ba00000,0x000001743be10000] _byte_map_base: 0x000001743b600000

Marking Bits: (ParMarkBitMap*) 0x00007fff46bc3450
 Begin Bits: [0x000001743c0c0000, 0x000001743e0c0000)
 End Bits:   [0x000001743e0c0000, 0x00000174400c0000)

Polling page: 0x0000017427dd0000

Metaspace:

Usage:
  Non-class:    302.67 KB used.
      Class:     19.20 KB used.
       Both:    321.87 KB used.

Virtual space:
  Non-class space:       64.00 MB reserved,     384.00 KB ( <1%) committed,  1 nodes.
      Class space:        1.00 GB reserved,     128.00 KB ( <1%) committed,  1 nodes.
             Both:        1.06 GB reserved,     512.00 KB ( <1%) committed. 

Chunk freelists:
   Non-Class:  11.99 MB
       Class:  15.75 MB
        Both:  27.74 MB

MaxMetaspaceSize: unlimited
CompressedClassSpaceSize: 1.00 GB
Initial GC threshold: 21.00 MB
Current GC threshold: 21.00 MB
CDS: on
 - commit_granule_bytes: 65536.
 - commit_granule_words: 8192.
 - virtual_space_node_default_size: 8388608.
 - enlarge_chunks_in_place: 1.
 - use_allocation_guard: 0.


Internal statistics:

num_allocs_failed_limit: 0.
num_arena_births: 8.
num_arena_deaths: 0.
num_vsnodes_births: 2.
num_vsnodes_deaths: 0.
num_space_committed: 8.
num_space_uncommitted: 0.
num_chunks_returned_to_freelist: 0.
num_chunks_taken_from_freelist: 9.
num_chunk_merges: 0.
num_chunk_splits: 6.
num_chunks_enlarged: 3.
num_inconsistent_stats: 0.

CodeHeap 'non-profiled nmethods': size=119168Kb used=63Kb max_used=63Kb free=119104Kb
 bounds [0x00000174343c0000, 0x0000017434630000, 0x000001743b820000]
CodeHeap 'profiled nmethods': size=119104Kb used=241Kb max_used=241Kb free=118862Kb
 bounds [0x000001742c820000, 0x000001742ca90000, 0x0000017433c70000]
CodeHeap 'non-nmethods': size=7488Kb used=2276Kb max_used=2276Kb free=5211Kb
 bounds [0x0000017433c70000, 0x0000017433ee0000, 0x00000174343c0000]
CodeCache: size=245760Kb, used=2580Kb, max_used=2580Kb, free=243177Kb
 total_blobs=600, nmethods=219, adapters=284, full_count=0
Compilation: enabled, stopped_count=0, restarted_count=0

Compilation events (20 events):
Event: 0.680 Thread 0x0000017482d8f190 nmethod 199 0x00000174343cef10 code [0x00000174343cf0a0, 0x00000174343cf168]
Event: 0.680 Thread 0x0000017482d8f190  201       3       java.util.HashMap::isEmpty (13 bytes)
Event: 0.681 Thread 0x0000017482c4ff90  202       1       java.util.HashMap::size (5 bytes)
Event: 0.681 Thread 0x0000017482d8f190 nmethod 201 0x000001742c855790 code [0x000001742c855920, 0x000001742c855a80]
Event: 0.681 Thread 0x0000017482c4ff90 nmethod 202 0x00000174343cf210 code [0x00000174343cf3a0, 0x00000174343cf468]
Event: 0.681 Thread 0x0000017482d8f190  203       1       java.lang.module.ModuleDescriptor$Provides::service (5 bytes)
Event: 0.681 Thread 0x0000017482d8f190 nmethod 203 0x00000174343cf510 code [0x00000174343cf6a0, 0x00000174343cf768]
Event: 0.682 Thread 0x0000017482d90a00  204       3       java.lang.invoke.MethodType::methodType (69 bytes)
Event: 0.682 Thread 0x0000017482c4ff90  205       3       jdk.internal.org.objectweb.asm.ByteVector::putUTF8 (144 bytes)
Event: 0.682 Thread 0x0000017482d8f190  206       3       jdk.internal.org.objectweb.asm.SymbolTable::hash (10 bytes)
Event: 0.682 Thread 0x0000017482d8f190 nmethod 206 0x000001742c855b10 code [0x000001742c855cc0, 0x000001742c855df0]
Event: 0.682 Thread 0x0000017482d8f190  207       3       jdk.internal.org.objectweb.asm.ByteVector::putShort (52 bytes)
Event: 0.682 Thread 0x0000017482d90a00 nmethod 204 0x000001742c855f10 code [0x000001742c856120, 0x000001742c8565d0]
Event: 0.682 Thread 0x0000017482d90a00  208       3       jdk.internal.util.Preconditions::checkFromToIndex (24 bytes)
Event: 0.682 Thread 0x0000017482d8f190 nmethod 207 0x000001742c856790 code [0x000001742c856940, 0x000001742c856b40]
Event: 0.682 Thread 0x0000017482d8f190  209       3       java.lang.String::substring (58 bytes)
Event: 0.683 Thread 0x0000017482d90a00 nmethod 208 0x000001742c856c90 code [0x000001742c856e40, 0x000001742c857008]
Event: 0.683 Thread 0x0000017482d90a00  210       3       java.lang.String::checkBoundsBeginEnd (11 bytes)
Event: 0.683 Thread 0x0000017482d90a00 nmethod 210 0x000001742c857110 code [0x000001742c8572c0, 0x000001742c8574f0]
Event: 0.683 Thread 0x0000017482d90a00  211       3       java.lang.StringLatin1::newString (24 bytes)

GC Heap History (0 events):
No events

Dll operation events (2 events):
Event: 0.354 Loaded shared library c:\Users\ADMIN\.vscode\extensions\redhat.java-1.54.0-win32-x64\jre\21.0.10-win32-x86_64\bin\java.dll
Event: 0.549 Loaded shared library c:\Users\ADMIN\.vscode\extensions\redhat.java-1.54.0-win32-x64\jre\21.0.10-win32-x86_64\bin\zip.dll

Deoptimization events (0 events):
No events

Classes loaded (4 events):
Event: 0.480 Loading class sun/nio/cs/UTF_8$Encoder
Event: 0.550 Loading class sun/nio/cs/UTF_8$Encoder done
Event: 0.656 Loading class jdk/internal/module/ModuleReferenceImpl$CachedHash
Event: 0.656 Loading class jdk/internal/module/ModuleReferenceImpl$CachedHash done

Classes unloaded (0 events):
No events

Classes redefined (0 events):
No events

Internal exceptions (1 events):
Event: 0.633 Thread 0x00000174280328b0 Exception <a 'java/lang/NoSuchMethodError'{0x00000000d579f450}: 'void java.lang.invoke.DirectMethodHandle$Holder.invokeStatic(java.lang.Object, java.lang.Object, java.lang.Object)'> (0x00000000d579f450) 
thrown [s\src\hotspot\share\interpreter\linkResolver.cpp, line 773]

ZGC Phase Switch (0 events):
No events

VM Operations (2 events):
Event: 0.641 Executing non-safepoint VM operation: HandshakeAllThreads (Deoptimize)
Event: 0.655 Executing non-safepoint VM operation: HandshakeAllThreads (Deoptimize) done

Memory protections (0 events):
No events

Nmethod flushes (0 events):
No events

Events (12 events):
Event: 0.437 Thread 0x00000174280328b0 Thread added: 0x00000174280328b0
Event: 0.553 Thread 0x00000174280328b0 Thread added: 0x00000174280eb9c0
Event: 0.553 Thread 0x00000174280328b0 Thread added: 0x00000174406d4fa0
Event: 0.554 Thread 0x00000174280328b0 Thread added: 0x00000174406d7860
Event: 0.554 Thread 0x00000174280328b0 Thread added: 0x00000174406da2d0
Event: 0.554 Thread 0x00000174280328b0 Thread added: 0x00000174406dfc30
Event: 0.554 Thread 0x00000174280328b0 Thread added: 0x00000174406e26f0
Event: 0.555 Thread 0x00000174280328b0 Thread added: 0x00000174406ee1f0
Event: 0.555 Thread 0x00000174280328b0 Thread added: 0x0000017482c4ff90
Event: 0.641 Thread 0x0000017482c4ff90 Thread added: 0x0000017482d8f190
Event: 0.642 Thread 0x0000017482c4ff90 Thread added: 0x0000017482d90a00
Event: 0.666 Thread 0x00000174406ee1f0 Thread added: 0x0000017482d956d0


Dynamic libraries:
0x00007ff6a0ec0000 - 0x00007ff6a0ece000 	c:\Users\ADMIN\.vscode\extensions\redhat.java-1.54.0-win32-x64\jre\21.0.10-win32-x86_64\bin\java.exe
0x00007ff822000000 - 0x00007ff822266000 	C:\WINDOWS\SYSTEM32\ntdll.dll
0x00007ff8202f0000 - 0x00007ff8203b9000 	C:\WINDOWS\System32\KERNEL32.DLL
0x00007ff81f290000 - 0x00007ff81f68a000 	C:\WINDOWS\System32\KERNELBASE.dll
0x00007ff81fc20000 - 0x00007ff81fd6c000 	C:\WINDOWS\System32\ucrtbase.dll
0x00007ffff2db0000 - 0x00007ffff2dce000 	c:\Users\ADMIN\.vscode\extensions\redhat.java-1.54.0-win32-x64\jre\21.0.10-win32-x86_64\bin\VCRUNTIME140.dll
0x00007fffd3aa0000 - 0x00007fffd3ab8000 	c:\Users\ADMIN\.vscode\extensions\redhat.java-1.54.0-win32-x64\jre\21.0.10-win32-x86_64\bin\jli.dll
0x00007ff8219e0000 - 0x00007ff821ba7000 	C:\WINDOWS\System32\USER32.dll
0x00007ff8053a0000 - 0x00007ff805632000 	C:\WINDOWS\WinSxS\amd64_microsoft.windows.common-controls_6595b64144ccf1df_6.0.26100.8521_none_3e08b75ce33403b3\COMCTL32.dll
0x00007ff81f690000 - 0x00007ff81f6b7000 	C:\WINDOWS\System32\win32u.dll
0x00007ff821c60000 - 0x00007ff821c8b000 	C:\WINDOWS\System32\GDI32.dll
0x00007ff81f8c0000 - 0x00007ff81f9eb000 	C:\WINDOWS\System32\gdi32full.dll
0x00007ff81f9f0000 - 0x00007ff81fa93000 	C:\WINDOWS\System32\msvcp_win.dll
0x00007ff820f50000 - 0x00007ff820ff9000 	C:\WINDOWS\System32\msvcrt.dll
0x00007ff821000000 - 0x00007ff821032000 	C:\WINDOWS\System32\IMM32.DLL
0x00007ff81a230000 - 0x00007ff81a23c000 	c:\Users\ADMIN\.vscode\extensions\redhat.java-1.54.0-win32-x64\jre\21.0.10-win32-x86_64\bin\vcruntime140_1.dll
0x00007fff74dc0000 - 0x00007fff74e4d000 	c:\Users\ADMIN\.vscode\extensions\redhat.java-1.54.0-win32-x64\jre\21.0.10-win32-x86_64\bin\msvcp140.dll
0x00007fff45f00000 - 0x00007fff46ca1000 	c:\Users\ADMIN\.vscode\extensions\redhat.java-1.54.0-win32-x64\jre\21.0.10-win32-x86_64\bin\server\jvm.dll
0x00007ff821ef0000 - 0x00007ff821fa6000 	C:\WINDOWS\System32\ADVAPI32.dll
0x00007ff820710000 - 0x00007ff8207ba000 	C:\WINDOWS\System32\sechost.dll
0x00007ff8204f0000 - 0x00007ff820608000 	C:\WINDOWS\System32\RPCRT4.dll
0x00007ff820260000 - 0x00007ff8202e0000 	C:\WINDOWS\System32\WS2_32.dll
0x00007ff81f0f0000 - 0x00007ff81f14e000 	C:\WINDOWS\SYSTEM32\POWRPROF.dll
0x00007ff80ce30000 - 0x00007ff80ce66000 	C:\WINDOWS\SYSTEM32\WINMM.dll
0x00007ff8169d0000 - 0x00007ff8169db000 	C:\WINDOWS\SYSTEM32\VERSION.dll
0x00007ff81f0d0000 - 0x00007ff81f0e4000 	C:\WINDOWS\SYSTEM32\UMPDC.dll
0x00007ff81e020000 - 0x00007ff81e03b000 	C:\WINDOWS\SYSTEM32\kernel.appcore.dll
0x00007ff800320000 - 0x00007ff80032a000 	c:\Users\ADMIN\.vscode\extensions\redhat.java-1.54.0-win32-x64\jre\21.0.10-win32-x86_64\bin\jimage.dll
0x00007ff811cf0000 - 0x00007ff811f32000 	C:\WINDOWS\SYSTEM32\DBGHELP.DLL
0x00007ff81fe30000 - 0x00007ff8201b3000 	C:\WINDOWS\System32\combase.dll
0x00007ff8210c0000 - 0x00007ff821199000 	C:\WINDOWS\System32\OLEAUT32.dll
0x00007ffffd330000 - 0x00007ffffd36b000 	C:\WINDOWS\SYSTEM32\dbgcore.DLL
0x00007ff81f6c0000 - 0x00007ff81f768000 	C:\WINDOWS\System32\bcryptPrimitives.dll
0x00007ff816050000 - 0x00007ff81605f000 	c:\Users\ADMIN\.vscode\extensions\redhat.java-1.54.0-win32-x64\jre\21.0.10-win32-x86_64\bin\instrument.dll
0x00007fffffec0000 - 0x00007fffffee0000 	c:\Users\ADMIN\.vscode\extensions\redhat.java-1.54.0-win32-x64\jre\21.0.10-win32-x86_64\bin\java.dll
0x00007ff821250000 - 0x00007ff8219d4000 	C:\WINDOWS\System32\SHELL32.dll
0x00007ff81ce30000 - 0x00007ff81d6b0000 	C:\WINDOWS\SYSTEM32\windows.storage.dll
0x00007ff820610000 - 0x00007ff820706000 	C:\WINDOWS\System32\SHCORE.dll
0x00007ff821e80000 - 0x00007ff821ee7000 	C:\WINDOWS\System32\shlwapi.dll
0x00007ff81f1b0000 - 0x00007ff81f1d9000 	C:\WINDOWS\SYSTEM32\profapi.dll
0x00007fffd23f0000 - 0x00007fffd2408000 	c:\Users\ADMIN\.vscode\extensions\redhat.java-1.54.0-win32-x64\jre\21.0.10-win32-x86_64\bin\zip.dll

JVMTI agents:
c:\Users\ADMIN\.vscode\extensions\redhat.java-1.54.0-win32-x64\lombok\lombok-1.18.39-4050.jar path:c:\Users\ADMIN\.vscode\extensions\redhat.java-1.54.0-win32-x64\jre\21.0.10-win32-x86_64\bin\instrument.dll, loaded, initialized, instrumentlib options:none

dbghelp: loaded successfully - version: 4.0.5 - missing functions: none
symbol engine: initialized successfully - sym options: 0x614 - pdb path: .;c:\Users\ADMIN\.vscode\extensions\redhat.java-1.54.0-win32-x64\jre\21.0.10-win32-x86_64\bin;C:\WINDOWS\SYSTEM32;C:\WINDOWS\WinSxS\amd64_microsoft.windows.common-controls_6595b64144ccf1df_6.0.26100.8521_none_3e08b75ce33403b3;c:\Users\ADMIN\.vscode\extensions\redhat.java-1.54.0-win32-x64\jre\21.0.10-win32-x86_64\bin\server

VM Arguments:
jvm_args: --add-modules=ALL-SYSTEM --add-opens=java.base/java.util=ALL-UNNAMED --add-opens=java.base/java.lang=ALL-UNNAMED --add-opens=java.base/sun.nio.fs=ALL-UNNAMED -Declipse.application=org.eclipse.jdt.ls.core.id1 -Dosgi.bundles.defaultStartLevel=4 -Declipse.product=org.eclipse.jdt.ls.core.product -Djava.import.generatesMetadataFilesAtProjectRoot=false -DDetectVMInstallationsJob.disabled=true -Dfile.encoding=utf8 -XX:+UseParallelGC -XX:GCTimeRatio=4 -XX:AdaptiveSizePolicyWeight=90 -Dsun.zip.disableMemoryMapping=true -Xmx2G -Xms100m -Xlog:disable -javaagent:c:\Users\ADMIN\.vscode\extensions\redhat.java-1.54.0-win32-x64\lombok\lombok-1.18.39-4050.jar 
java_command: c:\Users\ADMIN\.vscode\extensions\redhat.java-1.54.0-win32-x64\server\plugins\org.eclipse.equinox.launcher_1.7.100.v20251111-0406.jar -configuration c:\Users\ADMIN\AppData\Roaming\Code\User\globalStorage\redhat.java\1.54.0\config_ss_win -data c:\Users\ADMIN\AppData\Roaming\Code\User\workspaceStorage\9b1e573f5f7b0d6a34a3d4c156b67738\redhat.java\ss_ws --pipe=\\.\pipe\lsp-438ea3ea22185c9e341ee788119889c1-sock
java_class_path (initial): c:\Users\ADMIN\.vscode\extensions\redhat.java-1.54.0-win32-x64\server\plugins\org.eclipse.equinox.launcher_1.7.100.v20251111-0406.jar
Launcher Type: SUN_STANDARD

[Global flags]
    uintx AdaptiveSizePolicyWeight                 = 90                                        {product} {command line}
     intx CICompilerCount                          = 12                                        {product} {ergonomic}
    uintx GCTimeRatio                              = 4                                         {product} {command line}
   size_t InitialHeapSize                          = 104857600                                 {product} {command line}
   size_t MaxHeapSize                              = 2147483648                                {product} {command line}
   size_t MaxNewSize                               = 715653120                                 {product} {ergonomic}
   size_t MinHeapDeltaBytes                        = 524288                                    {product} {ergonomic}
   size_t MinHeapSize                              = 104857600                                 {product} {command line}
   size_t NewSize                                  = 34603008                                  {product} {ergonomic}
    uintx NonNMethodCodeHeapSize                   = 7602480                                {pd product} {ergonomic}
    uintx NonProfiledCodeHeapSize                  = 122027880                              {pd product} {ergonomic}
   size_t OldSize                                  = 70254592                                  {product} {ergonomic}
    uintx ProfiledCodeHeapSize                     = 122027880                              {pd product} {ergonomic}
    uintx ReservedCodeCacheSize                    = 251658240                              {pd product} {ergonomic}
     bool SegmentedCodeCache                       = true                                      {product} {ergonomic}
   size_t SoftMaxHeapSize                          = 2147483648                             {manageable} {ergonomic}
     bool UseCompressedOops                        = true                           {product lp64_product} {ergonomic}
     bool UseLargePagesIndividualAllocation        = false                                  {pd product} {ergonomic}
     bool UseParallelGC                            = true                                      {product} {command line}

Logging:
Log output configuration:
 #0: stdout all=off uptime,level,tags foldmultilines=false
 #1: stderr all=off uptime,level,tags foldmultilines=false

Release file:
<release file has not been read>
Environment Variables:
JAVA_HOME=C:\Java\
PATH=C:\Program Files\Common Files\Oracle\Java\javapath;C:\Program Files (x86)\VMware\VMware Workstation\bin\;C:\WINDOWS\system32;C:\WINDOWS;C:\WINDOWS\System32\Wbem;C:\WINDOWS\System32\WindowsPowerShell\v1.0\;C:\WINDOWS\System32\OpenSSH\;C:\Program Files\dotnet\;C:\MinGW\bin;C:\msys64\ucrt64\bin;C:\Program Files (x86)\Microsoft SQL Server\160\Tools\Binn\;C:\Program Files\Microsoft SQL Server\160\Tools\Binn\;C:\Program Files\Microsoft SQL Server\Client SDK\ODBC\170\Tools\Binn\;C:\Program Files\Microsoft SQL Server\160\DTS\Binn\;C:\Program Files (x86)\Microsoft SQL Server\160\DTS\Binn\;C:\Java\bin;C:\apache-maven\bin;C:\Program Files\Java\jdk-17;C:\Java\bin;C:\Java\bin;C:\xampp\mysql\bin;C:\Program Files\Docker\Docker\resources\bin;C:\Program Files (x86)\Rational\common;C:\Program Files\Git\cmd;C:\Program Files\Microsoft SQL Server\150\Tools\Binn\;C:\Program Files\nodejs\;C:\Java\bin;C:\Users\ADMIN\AppData\Local\Programs\Python\Python313\Scripts\;C:\Users\ADMIN\AppData\Local\Programs\Python\Python313\;C:\Users\ADMIN\AppData\Local\Microsoft\WindowsApps;C:\Users\ADMIN\AppData\Local\Programs\Microsoft VS Code\bin;C:\msys64\ucrt64\bin;C:\Users\ADMIN\.dotnet\tools;C:\Java\\bin;C:\Users\ADMIN\AppData\Local\Programs\Antigravity\bin;C:\Users\ADMIN\AppData\Local\GitHubDesktop\bin;C:\Users\ADMIN\AppData\Roaming\npm
USERNAME=ADMIN
OS=Windows_NT
PROCESSOR_IDENTIFIER=AMD64 Family 25 Model 68 Stepping 1, AuthenticAMD
TMP=C:\Users\ADMIN\AppData\Local\Temp
TEMP=C:\Users\ADMIN\AppData\Local\Temp




Periodic native trim disabled

---------------  S Y S T E M  ---------------

OS:
 Windows 11 , 64 bit Build 26100 (10.0.26100.8521)
OS uptime: 0 days 0:41 hours
Hyper-V role detected

CPU: total 16 (initial active 16) (16 cores per cpu, 2 threads per core) family 25 model 68 stepping 1 microcode 0xa404107, cx8, cmov, fxsr, ht, mmx, 3dnowpref, sse, sse2, sse3, ssse3, sse4a, sse4.1, sse4.2, popcnt, lzcnt, tsc, tscinvbit, avx, avx2, aes, erms, clmul, bmi1, bmi2, adx, sha, fma, vzeroupper, clflush, clflushopt, hv, rdtscp, rdpid, fsrm, f16c, cet_ss
Processor Information for processor 0
  Max Mhz: 3100, Current Mhz: 3100, Mhz Limit: 3100
Processor Information for processor 1
  Max Mhz: 3100, Current Mhz: 3100, Mhz Limit: 3100
Processor Information for processor 2
  Max Mhz: 3100, Current Mhz: 3100, Mhz Limit: 3100
Processor Information for processor 3
  Max Mhz: 3100, Current Mhz: 2469, Mhz Limit: 3100
Processor Information for processor 4
  Max Mhz: 3100, Current Mhz: 3100, Mhz Limit: 3100
Processor Information for processor 5
  Max Mhz: 3100, Current Mhz: 3100, Mhz Limit: 3100
Processor Information for processor 6
  Max Mhz: 3100, Current Mhz: 3100, Mhz Limit: 3100
Processor Information for processor 7
  Max Mhz: 3100, Current Mhz: 3100, Mhz Limit: 3100
Processor Information for processor 8
  Max Mhz: 3100, Current Mhz: 3100, Mhz Limit: 3100
Processor Information for processor 9
  Max Mhz: 3100, Current Mhz: 3100, Mhz Limit: 3100
Processor Information for processor 10
  Max Mhz: 3100, Current Mhz: 3100, Mhz Limit: 3100
Processor Information for processor 11
  Max Mhz: 3100, Current Mhz: 3100, Mhz Limit: 3100
Processor Information for processor 12
  Max Mhz: 3100, Current Mhz: 3100, Mhz Limit: 3100
Processor Information for processor 13
  Max Mhz: 3100, Current Mhz: 3100, Mhz Limit: 3100
Processor Information for processor 14
  Max Mhz: 3100, Current Mhz: 2469, Mhz Limit: 3100
Processor Information for processor 15
  Max Mhz: 3100, Current Mhz: 3100, Mhz Limit: 3100

Memory: 4k page, system-wide physical 16202M (1358M free)
TotalPageFile size 23848M (AvailPageFile size 62M)
current process WorkingSet (physical memory assigned to process): 38M, peak: 38M
current process commit charge ("private bytes"): 238M, peak: 238M

vm_info: OpenJDK 64-Bit Server VM (21.0.10+7-LTS) for windows-amd64 JRE (21.0.10+7-LTS), built on 2026-01-20T00:00:00Z by "admin" with MS VC++ 17.12 (VS2022)

END.
